2021-03-12 11:09:20,135 INFO c.z.c.c.MainClient: [LOG] Binded LoggerFactory: org.apache.logging.slf4j.Log4jLoggerFactory
2021-03-12 11:09:20,151 INFO c.z.c.ServerBootstrap: -----------------------------------------------------------------
2021-03-12 11:09:20,152 INFO c.z.c.ServerBootstrap: Client starting...
2021-03-12 11:09:20,361 INFO c.z.b.h.BeanComponentScanner: [BeanComponent] Found 12 components
2021-03-12 11:09:20,665 INFO c.z.b.h.BeanConfigHelper: [BeanConfiguration] Init class com.zitga.chat.config.game.GameConfig with com.zitga.chat.config.game.GameConfig@7ef2d7a6
2021-03-12 11:09:20,676 INFO c.z.b.h.BeanConfigHelper: [BeanConfiguration] Init class com.zitga.core.config.ServerConfig with 
	bossThreadNumber=0, workerThreadNumber=0, schedulerThreadNumber=0
NetworkConfig{maxConnection=100000, idleTimeOut=900, keepAlive=true, headerSize=4, enableLog=false, logLevel='DEBUG'}	[tcp]: enable=true, port=8103

2021-03-12 11:09:20,679 INFO c.z.b.h.BeanMethodHelper: [BeanMethod] Found 0 methods
2021-03-12 11:09:20,687 INFO c.z.c.c.ServerConfig: Auto select schedulerThreadNumber=8
2021-03-12 11:09:20,691 INFO c.z.c.c.s.MasterConnectorService: Initializing MasterConnectorService ...
2021-03-12 11:09:20,692 INFO c.z.c.c.ServerConfig: Auto select bossThreadNumber=2
2021-03-12 11:09:20,704 INFO c.z.c.u.s.t.TcpClientHandler: Mapped code 29 to com.zitga.chat.client.service.MasterActionListener@4a9e6faf
2021-03-12 11:09:20,704 INFO c.z.c.c.s.MasterConnectorService: [MASTER] isConnected=false
2021-03-12 11:09:20,705 INFO c.z.c.c.s.MasterConnectorService: [MASTER] Retry connecting to 127.0.0.1:8101
2021-03-12 11:09:20,822 INFO c.z.c.u.s.t.TcpClientConnector: Connecting to server at 127.0.0.1:8101
2021-03-12 11:09:21,021 INFO c.z.c.u.s.t.TcpClientHandler: Connected to server at 127.0.0.1:8101
2021-03-12 11:09:21,032 INFO c.z.c.c.s.MasterActionListener: [MASTER] Connected to master server at /127.0.0.1:8101
2021-03-12 11:09:21,032 INFO c.z.c.c.ServerConfig: Auto select bossThreadNumber=2
2021-03-12 11:09:21,034 INFO c.z.c.c.ServerConfig: Auto select workerThreadNumber=8
2021-03-12 11:09:21,055 INFO c.z.c.r.s.SocketHandlerRegistry: Mapped code 4 to com.zitga.core.handler.socket.basic.UdpHandshakeHandler
2021-03-12 11:09:21,056 INFO c.z.c.r.s.SocketHandlerRegistry: Mapped code 7 to com.zitga.core.handler.socket.basic.EchoHandler
2021-03-12 11:09:21,056 INFO c.z.c.r.s.SocketHandlerRegistry: Mapped code 0 to com.zitga.core.handler.socket.basic.PingHandler
2021-03-12 11:09:21,056 INFO c.z.c.r.s.SocketHandlerRegistry: Mapped code 1 to com.zitga.core.handler.socket.basic.SyncClockTimeHandler
2021-03-12 11:09:21,095 INFO c.z.c.t.s.TcpTransporter: TCP transporter is listening on port 8103
2021-03-12 11:09:21,097 INFO c.z.c.ServerBootstrap: Client start successfully!
2021-03-12 11:09:21,097 INFO c.z.c.ServerBootstrap: -----------------------------------------------------------------
2021-03-12 11:10:14,108 INFO c.z.c.c.s.MasterActionListener: aaa
2021-03-12 11:25:14,067 ERROR c.z.c.u.s.t.TcpClientHandler: Listener with opCode 3 not found
2021-03-12 11:25:14,072 INFO c.z.c.u.s.t.TcpClientHandler: Disconnected to server at 127.0.0.1:8101
2021-03-12 11:25:14,073 WARN c.z.c.c.s.MasterActionListener: [MASTER] Disconnected to master server
2021-03-12 12:03:33,503 INFO c.z.c.ServerBootstrap: -----------------------------------------------------------------
2021-03-12 12:03:33,529 INFO c.z.c.ServerBootstrap: Client stopping...
